<?xml version="1.0" encoding="UTF-8"?>
<testsuite xmlns:xsi="http://www.w3.org/2001/XMLSchema-instance" xsi:noNamespaceSchemaLocation="https://maven.apache.org/surefire/maven-surefire-plugin/xsd/surefire-test-report.xsd" name="org.example.AppTest" time="0.035" tests="1" errors="0" skipped="0" failures="0">
  <properties>
    <property name="java.specification.version" value="16"/>
    <property name="sun.cpu.isalist" value="amd64"/>
    <property name="sun.jnu.encoding" value="GBK"/>
    <property name="java.class.path" value="D:\D\DevelopTools\IDEA\HelloTest\target\test-classes;D:\D\DevelopTools\IDEA\HelloTest\target\classes;D:\D\dcitsRep\junit\junit\4.11\junit-4.11.jar;D:\D\dcitsRep\org\hamcrest\hamcrest-core\1.3\hamcrest-core-1.3.jar;"/>
    <property name="java.vm.vendor" value="Oracle Corporation"/>
    <property name="sun.arch.data.model" value="64"/>
    <property name="user.variant" value=""/>
    <property name="java.vendor.url" value="https://java.oracle.com/"/>
    <property name="user.timezone" value="GMT+08:00"/>
    <property name="os.name" value="Windows 10"/>
    <property name="java.vm.specification.version" value="16"/>
    <property name="sun.java.launcher" value="SUN_STANDARD"/>
    <property name="user.country" value="CN"/>
    <property name="sun.boot.library.path" value="D:\D\DevelopTools\Java\bin"/>
    <property name="sun.java.command" value="C:\Users\JaneEl\AppData\Local\Temp\surefire3626335407515373862\surefirebooter1951460167810025870.jar C:\Users\JaneEl\AppData\Local\Temp\surefire3626335407515373862 2021-08-11T16-50-33_768-jvmRun1 surefire6505359665620894395tmp surefire_05842766194660571154tmp"/>
    <property name="jdk.debug" value="release"/>
    <property name="surefire.test.class.path" value="D:\D\DevelopTools\IDEA\HelloTest\target\test-classes;D:\D\DevelopTools\IDEA\HelloTest\target\classes;D:\D\dcitsRep\junit\junit\4.11\junit-4.11.jar;D:\D\dcitsRep\org\hamcrest\hamcrest-core\1.3\hamcrest-core-1.3.jar;"/>
    <property name="sun.cpu.endian" value="little"/>
    <property name="user.home" value="C:\Users\JaneEl"/>
    <property name="user.language" value="zh"/>
    <property name="java.specification.vendor" value="Oracle Corporation"/>
    <property name="java.version.date" value="2021-07-20"/>
    <property name="java.home" value="D:\D\DevelopTools\Java"/>
    <property name="file.separator" value="\"/>
    <property name="basedir" value="D:\D\DevelopTools\IDEA\HelloTest"/>
    <property name="java.vm.compressedOopsMode" value="32-bit"/>
    <property name="line.separator" value="&#10;"/>
    <property name="java.vm.specification.vendor" value="Oracle Corporation"/>
    <property name="java.specification.name" value="Java Platform API Specification"/>
    <property name="surefire.real.class.path" value="C:\Users\JaneEl\AppData\Local\Temp\surefire3626335407515373862\surefirebooter1951460167810025870.jar"/>
    <property name="user.script" value=""/>
    <property name="sun.management.compiler" value="HotSpot 64-Bit Tiered Compilers"/>
    <property name="java.runtime.version" value="16.0.2+7-67"/>
    <property name="user.name" value="JaneEl"/>
    <property name="path.separator" value=";"/>
    <property name="os.version" value="10.0"/>
    <property name="java.runtime.name" value="Java(TM) SE Runtime Environment"/>
    <property name="file.encoding" value="GBK"/>
    <property name="java.vm.name" value="Java HotSpot(TM) 64-Bit Server VM"/>
    <property name="localRepository" value="D:\D\dcitsRep"/>
    <property name="java.vendor.url.bug" value="https://bugreport.java.com/bugreport/"/>
    <property name="java.io.tmpdir" value="C:\Users\JaneEl\AppData\Local\Temp\"/>
    <property name="idea.version" value="2021.2"/>
    <property name="java.version" value="16.0.2"/>
    <property name="user.dir" value="D:\D\DevelopTools\IDEA\HelloTest"/>
    <property name="os.arch" value="amd64"/>
    <property name="java.vm.specification.name" value="Java Virtual Machine Specification"/>
    <property name="sun.os.patch.level" value=""/>
    <property name="java.library.path" value="D:\D\DevelopTools\Java\bin;C:\WINDOWS\Sun\Java\bin;C:\WINDOWS\system32;C:\WINDOWS;D:\D\DevelopTools\Maven\apache-maven-3.8.1-bin\apache-maven-3.8.1\bin;D:\D\DevelopTools\jdk1.8.0_301\bin;C:\Program Files\Common Files\Oracle\Java\javapath;C:\Program Files (x86)\Common Files\Oracle\Java\javapath;C:\Windows\System64;D:\D\Pycharm\pycharm\python-3.8.3\;D:\D\Pycharm\pycharm\python-3.8.3\lib\site-packages;D:\D\Pycharm\pycharm\python-3.8.3\Scripts\;D:\D\Anaconda\anaconda\;D:\D\Anaconda\anaconda\Scripts;D:\D\Anaconda\anaconda\Library\bin;D:\D\Anaconda\anaconda\Library\mingw-w64;C:\windows\System32\Wbem;C:\windows;C:\windows\System32\WindowsPowerShell\v1.0\;C:\windows\System32\OpenSSH\;C:\Program Files (x86)\NVIDIA Corporation\PhysX\Common;C:\Program Files\NVIDIA Corporation\NVIDIA NvDLISR;C:\WINDOWS\system32;C:\WINDOWS;C:\WINDOWS\System32\Wbem;C:\WINDOWS\System32\WindowsPowerShell\v1.0\;C:\WINDOWS\System32\OpenSSH\;D:\D\DevelopTools\Java\jdk1.8.0_301\bin;D:\D\DevelopTools\Java\jre\bin;D:\D\DevelopTools\Maven\apache-maven-3.8.1-bin\apache-maven-3.8.1\bin;D:\D\DevelopTools\jdk1.8.0_301\bin;D:\D\DevelopTools\jdk1.8.0_301\jre\bin;D:\D\Pycharm\pycharm\python-3.8.3\Scripts\;D:\D\Pycharm\pycharm\python-3.8.3\;C:\Users\JaneEl\AppData\Local\Programs\Python\Launcher\;C:\Users\JaneEl\Anaconda3;C:\Users\JaneEl\Anaconda3\Library\mingw-w64\bin;C:\Users\JaneEl\Anaconda3\Library\usr\bin;C:\Users\JaneEl\Anaconda3\Library\bin;C:\Users\JaneEl\Anaconda3\Scripts;C:\Users\JaneEl\AppData\Local\Microsoft\WindowsApps;D:\D\Pycharm\Pycharm\PyCharm 2020.1\bin;;D:\D\Pycharm\pycharmm\PyCharm Community Edition 2019.2\bin;;;."/>
    <property name="java.vm.info" value="mixed mode, sharing"/>
    <property name="java.vendor" value="Oracle Corporation"/>
    <property name="java.vm.version" value="16.0.2+7-67"/>
    <property name="sun.io.unicode.encoding" value="UnicodeLittle"/>
    <property name="maven.repo.local" value="D:\D\dcitsRep"/>
    <property name="java.class.version" value="60.0"/>
  </properties>
  <testcase name="shouldAnswerWithTrue" classname="org.example.AppTest" time="0.004"/>
</testsuite>